Arguments: 
  /usr/local/bin/node /Users/Semmiverian/.yarn/bin/yarn.js init

PATH: 
  /Users/Semmiverian/.rvm/gems/ruby-2.3.1/bin:/Users/Semmiverian/.rvm/gems/ruby-2.3.1@global/bin:/Users/Semmiverian/.rvm/rubies/ruby-2.3.1/bin:/Users/Semmiverian/.yarn/bin:/Users/Semmiverian/.config/yarn/global/node_modules/.bin:/Users/Semmiverian/Downloads/google-cloud-sdk/bin:/usr/local/opt/libiconv/bin:/Users/Semmiverian/.composer/vendor/bin:/Users/Semmiverian/Library/Android/sdk/platform-tools/:/usr/local/bin:/usr/bin:/bin:/usr/sbin:/sbin:/Users/Semmiverian/.rvm/bin

Yarn version: 
  1.12.3

Node version: 
  10.13.0

Platform: 
  darwin x64

Trace: 
  Error: canceled
      at Interface.<anonymous> (/Users/Semmiverian/.yarn/lib/cli.js:125278:13)
      at Interface.emit (events.js:182:13)
      at Interface._ttyWrite (readline.js:783:16)
      at ReadStream.onkeypress (readline.js:168:10)
      at ReadStream.emit (events.js:182:13)
      at emitKeys (internal/readline.js:424:14)
      at emitKeys.next (<anonymous>)
      at ReadStream.onData (readline.js:1022:36)
      at ReadStream.emit (events.js:182:13)
      at addChunk (_stream_readable.js:283:12)

npm manifest: 
  No manifest

yarn manifest: 
  No manifest

Lockfile: 
  No lockfile
